        -:    0:Source:C:/Users/zkw/Desktop/cpp/main.cpp
        -:    0:Graph:C:\Users\zkw\Desktop\cpp\cmake-build-debug-coverage\CMakeFiles\cpp.dir\main.cpp.gcno
        -:    0:Data:C:\Users\zkw\Desktop\cpp\cmake-build-debug-coverage\CMakeFiles\cpp.dir\main.cpp.gcda
        -:    0:Runs:1
        -:    0:Programs:1
        -:    1:#include <stdio.h>
        -:    2://#include <string>
        -:    3:
        -:    4:#define INIT 0
        -:    5:#define NUM 1
        -:    6:
        1:    7:int main() {
        1:    8:    FILE *fp = fopen("C:\\Users\\zkw\\Desktop\\cpp\\test.txt", "r");
        1:    8-block  0
        -:    9:    char ch;
        1:   10:    int state = 0, num = 0;
        9:   11:    while((ch = getc(fp)) != EOF){
        9:   11-block  0
        8:   11-block  1
        8:   12:        if(ch == ' ' || ch == '\n'){
        8:   12-block  0
        8:   12-block  1
    #####:   13:            if(state == num){
    %%%%%:   13-block  0
    %%%%%:   13-block  1
    #####:   14:                printf("1.token NUM: %d \n", num);
    %%%%%:   14-block  0
    #####:   15:                state = INIT;
    #####:   16:                num = 0;
        -:   17:            }
        -:   18:        }
        8:   19:        else if(ch >= '0' && ch <= '9'){
        8:   19-block  0
        6:   19-block  1
        6:   20:            state = NUM;
        6:   21:            num = num * 10 + ch - '0';
        6:   21-block  0
        -:   22:        }
       2*:   23:        else if(ch == '+' || ch == '-' || ch == '*' || ch == '/'){
        2:   23-block  0
        1:   23-block  1
        1:   23-block  2
    %%%%%:   23-block  3
        2:   24:            if(state == NUM){
        2:   24-block  0
        2:   25:                printf("2.token NUM: %d \n", num);
        2:   25-block  0
        2:   26:                state = INIT;
        2:   27:                num = 0;
        -:   28:            }
        -:   29:
        2:   30:            printf("token operator: %c\n", ch);
        2:   30-block  0
        2:   31:            state = INIT;
        -:   32:        }
        -:   33:    }
        -:   34:
        1:   35:    fclose(fp);
        1:   35-block  0
        -:   36:
        1:   37:    return 0;
        -:   38:}
